{"D:\\workspace\\Testable_MultiLang_Proof_Suite\\src\\service.ts":{"path":"D:\\workspace\\Testable_MultiLang_Proof_Suite\\src\\service.ts","statementMap":{"0":{"start":{"line":2,"column":0},"end":{"line":2,"column":62}},"1":{"start":{"line":3,"column":0},"end":{"line":3,"column":25}},"2":{"start":{"line":6,"column":8},"end":{"line":6,"column":35}},"3":{"start":{"line":9,"column":0},"end":{"line":9,"column":26}}},"fnMap":{"0":{"name":"(anonymous_0)","decl":{"start":{"line":5,"column":4},"end":{"line":5,"column":5}},"loc":{"start":{"line":5,"column":24},"end":{"line":7,"column":5}},"line":5}},"branchMap":{},"s":{"0":1,"1":1,"2":1,"3":1},"f":{"0":1},"b":{},"inputSourceMap":{"version":3,"file":"D:/workspace/Testable_MultiLang_Proof_Suite/src/service.ts","sources":["D:/workspace/Testable_MultiLang_Proof_Suite/src/service.ts"],"names":[],"mappings":";;;AAAA,MAAa,OAAO;IACX,cAAc,CAAC,GAAW;QAC/B,OAAO,cAAc,GAAG,EAAE,CAAC;IAC7B,CAAC;CACF;AAJD,0BAIC","sourcesContent":["export class Service {\r\n  public processMessage(msg: string): string {\r\n    return `Processed: ${msg}`;\r\n  }\r\n}\r\n"]},"_coverageSchema":"1a1c01bbd47fc00a2c39e90264f33305004495a9","hash":"6467e2f28dd4c42206bd408e4f2cc6dae77fe825","contentHash":"125bb188f13c95ba6df348fea8f878f45a6f15e0cd33bef0659c480df2e018f2"}}